2025-09-13T19:46:46.150Z [INFO]: url docker : mysql://root:oracle@localhost:3306/cavalier_projet_A25
2025-09-13T19:46:46.197Z [INFO]: Connexion à la BD Mysql...
2025-09-13T19:46:46.210Z [INFO]: Connecté à la BD Postgres!
2025-09-13T20:00:49.978Z [INFO]: Connexion à la BD Mysql...
2025-09-13T20:00:49.990Z [INFO]: Connecté à la BD Mysql !
2025-09-13T20:02:39.342Z [INFO]: Connexion à la BD Mysql...
2025-09-13T20:02:39.354Z [INFO]: Connecté à la BD Mysql !
2025-09-13T20:02:46.733Z [INFO]: Connexion à la BD Mysql...
2025-09-13T20:02:46.744Z [INFO]: Connecté à la BD Mysql !
2025-09-13T20:03:03.117Z [INFO]: allo
2025-09-13T20:03:03.118Z [INFO]: Connexion à la BD Mysql...
2025-09-13T20:03:03.128Z [INFO]: Connecté à la BD Mysql !
2025-09-13T20:03:48.065Z [INFO]: Connexion à la BD Mysql...
2025-09-13T20:03:48.066Z [INFO]: Connecté à la BD Mysql !
2025-09-13T20:05:42.027Z [INFO]: Connexion à la BD Mysql...
2025-09-13T20:05:42.039Z [INFO]: Connecté à la BD Mysql !
2025-09-13T20:34:57.263Z [INFO]: Connexion à la BD Mysql...
2025-09-13T20:34:57.264Z [INFO]: Connecté à la BD Mysql !
2025-09-13T20:36:54.302Z [INFO]: Connexion à la BD Mysql...
2025-09-13T20:36:54.304Z [INFO]: Connecté à la BD Mysql !
